[0m17:21:38.337223 [debug] [MainThread]: Sending event: {'category': 'dbt', 'action': 'invocation', 'label': 'start', 'context': [<snowplow_tracker.self_describing_json.SelfDescribingJson object at 0x103995940>, <snowplow_tracker.self_describing_json.SelfDescribingJson object at 0x10641e6a0>, <snowplow_tracker.self_describing_json.SelfDescribingJson object at 0x10641e4c0>]}


============================== 17:21:38.339693 | 1730b077-412d-4a24-ae19-66254acbdefd ==============================
[0m17:21:38.339693 [info ] [MainThread]: Running with dbt=1.6.0
[0m17:21:38.340012 [debug] [MainThread]: running dbt with arguments {'printer_width': '80', 'indirect_selection': 'eager', 'write_json': 'True', 'log_cache_events': 'False', 'partial_parse': 'True', 'cache_selected_only': 'False', 'profiles_dir': '/Users/tammyebufegha/.dbt', 'version_check': 'True', 'fail_fast': 'False', 'log_path': 'logs', 'warn_error': 'None', 'debug': 'False', 'use_colors': 'True', 'use_experimental_parser': 'False', 'no_print': 'None', 'quiet': 'False', 'log_format': 'default', 'invocation_command': 'dbt init .', 'warn_error_options': 'WarnErrorOptions(include=[], exclude=[])', 'static_parser': 'True', 'target_path': 'None', 'introspect': 'True', 'send_anonymous_usage_stats': 'True'}
[0m17:21:38.340316 [warn ] [MainThread]: [ConfigFolderDirectory]: Unable to parse dict {'dir': PosixPath('/Users/tammyebufegha/.dbt')}
[0m17:21:38.340499 [info ] [MainThread]: Creating dbt configuration folder at 
[0m17:22:05.861138 [debug] [MainThread]: Starter project path: /Users/tammyebufegha/Library/Python/3.9/lib/python/site-packages/dbt/include/starter_project
[0m17:22:05.874542 [info ] [MainThread]: 
Your new dbt project "src" was created!

For more information on how to configure the profiles.yml file,
please consult the dbt documentation here:

  https://docs.getdbt.com/docs/configure-your-profile

One more thing:

Need help? Don't hesitate to reach out to us via GitHub issues or on Slack:

  https://community.getdbt.com/

Happy modeling!

[0m17:22:05.875278 [info ] [MainThread]: Setting up your profile.
[0m17:29:08.695698 [info ] [MainThread]: Profile src written to /Users/tammyebufegha/.dbt/profiles.yml using target's profile_template.yml and your supplied values. Run 'dbt debug' to validate the connection.
[0m17:29:08.712043 [debug] [MainThread]: Command `dbt init` succeeded at 17:29:08.710875 after 450.35 seconds
[0m17:29:08.712714 [debug] [MainThread]: Sending event: {'category': 'dbt', 'action': 'invocation', 'label': 'end', 'context': [<snowplow_tracker.self_describing_json.SelfDescribingJson object at 0x103995940>, <snowplow_tracker.self_describing_json.SelfDescribingJson object at 0x10641e040>, <snowplow_tracker.self_describing_json.SelfDescribingJson object at 0x11a0bce50>]}
[0m17:29:08.714497 [debug] [MainThread]: Flushing usage events
[0m17:29:17.067023 [debug] [MainThread]: Sending event: {'category': 'dbt', 'action': 'invocation', 'label': 'start', 'context': [<snowplow_tracker.self_describing_json.SelfDescribingJson object at 0x10295acd0>, <snowplow_tracker.self_describing_json.SelfDescribingJson object at 0x1044bff10>, <snowplow_tracker.self_describing_json.SelfDescribingJson object at 0x1044f5130>]}


============================== 17:29:17.070345 | b1f0fe14-d53d-4246-8797-18d0db439100 ==============================
[0m17:29:17.070345 [info ] [MainThread]: Running with dbt=1.6.0
[0m17:29:17.070661 [debug] [MainThread]: running dbt with arguments {'printer_width': '80', 'indirect_selection': 'eager', 'log_cache_events': 'False', 'write_json': 'True', 'partial_parse': 'True', 'cache_selected_only': 'False', 'warn_error': 'None', 'version_check': 'True', 'debug': 'False', 'log_path': 'logs', 'fail_fast': 'False', 'profiles_dir': '/Users/tammyebufegha/.dbt', 'use_colors': 'True', 'use_experimental_parser': 'False', 'no_print': 'None', 'quiet': 'False', 'log_format': 'default', 'invocation_command': 'dbt debug', 'static_parser': 'True', 'warn_error_options': 'WarnErrorOptions(include=[], exclude=[])', 'target_path': 'None', 'introspect': 'True', 'send_anonymous_usage_stats': 'True'}
[0m17:29:17.070972 [info ] [MainThread]: dbt version: 1.6.0
[0m17:29:17.071138 [info ] [MainThread]: python version: 3.9.6
[0m17:29:17.071293 [info ] [MainThread]: python path: /Library/Developer/CommandLineTools/usr/bin/python3
[0m17:29:17.071438 [info ] [MainThread]: os info: macOS-15.3.2-arm64-arm-64bit
[0m17:29:17.547901 [info ] [MainThread]: Using profiles dir at /Users/tammyebufegha/.dbt
[0m17:29:17.548169 [info ] [MainThread]: Using profiles.yml file at /Users/tammyebufegha/.dbt/profiles.yml
[0m17:29:17.548346 [info ] [MainThread]: Using dbt_project.yml file at /Users/tammyebufegha/Ambyint-Challenge/src/dbt_project.yml
[0m17:29:17.548654 [info ] [MainThread]: adapter type: snowflake
[0m17:29:17.548859 [info ] [MainThread]: adapter version: 1.6.0
[0m17:29:17.549035 [info ] [MainThread]: Configuration:
[0m17:29:17.549193 [info ] [MainThread]:   profiles.yml file [[32mOK found and valid[0m]
[0m17:29:17.549343 [info ] [MainThread]:   dbt_project.yml file [[31mERROR not found[0m]
[0m17:29:17.549490 [info ] [MainThread]: Required dependencies:
[0m17:29:17.549667 [debug] [MainThread]: Executing "git --help"
[0m17:29:17.570456 [debug] [MainThread]: STDOUT: "b"usage: git [-v | --version] [-h | --help] [-C <path>] [-c <name>=<value>]\n           [--exec-path[=<path>]] [--html-path] [--man-path] [--info-path]\n           [-p | --paginate | -P | --no-pager] [--no-replace-objects] [--bare]\n           [--git-dir=<path>] [--work-tree=<path>] [--namespace=<name>]\n           [--super-prefix=<path>] [--config-env=<name>=<envvar>]\n           <command> [<args>]\n\nThese are common Git commands used in various situations:\n\nstart a working area (see also: git help tutorial)\n   clone     Clone a repository into a new directory\n   init      Create an empty Git repository or reinitialize an existing one\n\nwork on the current change (see also: git help everyday)\n   add       Add file contents to the index\n   mv        Move or rename a file, a directory, or a symlink\n   restore   Restore working tree files\n   rm        Remove files from the working tree and from the index\n\nexamine the history and state (see also: git help revisions)\n   bisect    Use binary search to find the commit that introduced a bug\n   diff      Show changes between commits, commit and working tree, etc\n   grep      Print lines matching a pattern\n   log       Show commit logs\n   show      Show various types of objects\n   status    Show the working tree status\n\ngrow, mark and tweak your common history\n   branch    List, create, or delete branches\n   commit    Record changes to the repository\n   merge     Join two or more development histories together\n   rebase    Reapply commits on top of another base tip\n   reset     Reset current HEAD to the specified state\n   switch    Switch branches\n   tag       Create, list, delete or verify a tag object signed with GPG\n\ncollaborate (see also: git help workflows)\n   fetch     Download objects and refs from another repository\n   pull      Fetch from and integrate with another repository or a local branch\n   push      Update remote refs along with associated objects\n\n'git help -a' and 'git help -g' list available subcommands and some\nconcept guides. See 'git help <command>' or 'git help <concept>'\nto read about a specific subcommand or concept.\nSee 'git help git' for an overview of the system.\n""
[0m17:29:17.570991 [debug] [MainThread]: STDERR: "b''"
[0m17:29:17.571196 [info ] [MainThread]:  - git [[32mOK found[0m]

[0m17:29:17.571374 [info ] [MainThread]: Connection:
[0m17:29:17.571614 [info ] [MainThread]:   account: UXNBCYB-AVB09017
[0m17:29:17.571857 [info ] [MainThread]:   user: tebufegha
[0m17:29:17.572017 [info ] [MainThread]:   database: SNOWFLAKE
[0m17:29:17.572172 [info ] [MainThread]:   warehouse: SNOWFLAKE_LEARNING_WH
[0m17:29:17.572322 [info ] [MainThread]:   role: ACCOUNTADMIN
[0m17:29:17.572469 [info ] [MainThread]:   schema: PUBLIC
[0m17:29:17.572613 [info ] [MainThread]:   authenticator: None
[0m17:29:17.572755 [info ] [MainThread]:   private_key: None
[0m17:29:17.572915 [info ] [MainThread]:   private_key_path: None
[0m17:29:17.573058 [info ] [MainThread]:   private_key_passphrase: None
[0m17:29:17.573203 [info ] [MainThread]:   token: None
[0m17:29:17.573346 [info ] [MainThread]:   oauth_client_id: None
[0m17:29:17.573490 [info ] [MainThread]:   query_tag: None
[0m17:29:17.573634 [info ] [MainThread]:   client_session_keep_alive: False
[0m17:29:17.573778 [info ] [MainThread]:   host: None
[0m17:29:17.573920 [info ] [MainThread]:   port: None
[0m17:29:17.574061 [info ] [MainThread]:   proxy_host: None
[0m17:29:17.574201 [info ] [MainThread]:   proxy_port: None
[0m17:29:17.574348 [info ] [MainThread]:   protocol: None
[0m17:29:17.574502 [info ] [MainThread]:   connect_retries: 1
[0m17:29:17.574642 [info ] [MainThread]:   connect_timeout: None
[0m17:29:17.574780 [info ] [MainThread]:   retry_on_database_errors: False
[0m17:29:17.574922 [info ] [MainThread]:   retry_all: False
[0m17:29:17.575062 [info ] [MainThread]:   insecure_mode: False
[0m17:29:17.575200 [info ] [MainThread]:   reuse_connections: None
[0m17:29:17.575544 [info ] [MainThread]: Registered adapter: snowflake=1.6.0
[0m17:29:17.624047 [debug] [MainThread]: Acquiring new snowflake connection 'debug'
[0m17:29:17.625018 [debug] [MainThread]: Using snowflake connection "debug"
[0m17:29:17.625257 [debug] [MainThread]: On debug: select 1 as id
[0m17:29:17.625448 [debug] [MainThread]: Opening a new connection, currently in state init
[0m17:29:24.050100 [debug] [MainThread]: SQL status: SUCCESS 1 in 6.0 seconds
[0m17:29:24.053088 [debug] [MainThread]: On debug: Close
[0m17:29:24.223185 [info ] [MainThread]:   Connection test: [[32mOK connection ok[0m]

[0m17:29:24.224863 [info ] [MainThread]: [31m1 check failed:[0m
[0m17:29:24.225555 [info ] [MainThread]: Project loading failed for the following reason:
 project path </Users/tammyebufegha/Ambyint-Challenge/src/dbt_project.yml> not found

[0m17:29:24.226983 [debug] [MainThread]: Command `dbt debug` failed at 17:29:24.226751 after 7.18 seconds
[0m17:29:24.227724 [debug] [MainThread]: Connection 'debug' was properly closed.
[0m17:29:24.228306 [debug] [MainThread]: Sending event: {'category': 'dbt', 'action': 'invocation', 'label': 'end', 'context': [<snowplow_tracker.self_describing_json.SelfDescribingJson object at 0x10295acd0>, <snowplow_tracker.self_describing_json.SelfDescribingJson object at 0x11b68d460>, <snowplow_tracker.self_describing_json.SelfDescribingJson object at 0x11b68d8b0>]}
[0m17:29:24.229049 [debug] [MainThread]: Flushing usage events
[0m00:42:05.150961 [debug] [MainThread]: Sending event: {'category': 'dbt', 'action': 'invocation', 'label': 'start', 'context': [<snowplow_tracker.self_describing_json.SelfDescribingJson object at 0x10590f130>, <snowplow_tracker.self_describing_json.SelfDescribingJson object at 0x1084ce8e0>, <snowplow_tracker.self_describing_json.SelfDescribingJson object at 0x1084fe040>]}


============================== 00:42:05.154297 | 834a498d-1f05-4f31-baab-6faec57ccd82 ==============================
[0m00:42:05.154297 [info ] [MainThread]: Running with dbt=1.6.0
[0m00:42:05.154611 [debug] [MainThread]: running dbt with arguments {'printer_width': '80', 'indirect_selection': 'eager', 'write_json': 'True', 'log_cache_events': 'False', 'partial_parse': 'True', 'cache_selected_only': 'False', 'warn_error': 'None', 'version_check': 'True', 'debug': 'False', 'log_path': 'logs', 'profiles_dir': '/Users/tammyebufegha/.dbt', 'fail_fast': 'False', 'use_colors': 'True', 'use_experimental_parser': 'False', 'no_print': 'None', 'quiet': 'False', 'log_format': 'default', 'static_parser': 'True', 'invocation_command': 'dbt seed', 'introspect': 'True', 'target_path': 'None', 'warn_error_options': 'WarnErrorOptions(include=[], exclude=[])', 'send_anonymous_usage_stats': 'True'}
[0m00:42:05.154913 [error] [MainThread]: Encountered an error:
Runtime Error
  No dbt_project.yml found at expected path /Users/tammyebufegha/Ambyint-Challenge/dbt_project/dbt_project.yml
  Verify that each entry within packages.yml (and their transitive dependencies) contains a file named dbt_project.yml
  
[0m00:42:05.155259 [debug] [MainThread]: Command `dbt seed` failed at 00:42:05.155192 after 0.02 seconds
[0m00:42:05.155468 [debug] [MainThread]: Sending event: {'category': 'dbt', 'action': 'invocation', 'label': 'end', 'context': [<snowplow_tracker.self_describing_json.SelfDescribingJson object at 0x10590f130>, <snowplow_tracker.self_describing_json.SelfDescribingJson object at 0x1084ce610>, <snowplow_tracker.self_describing_json.SelfDescribingJson object at 0x1084ce1c0>]}
[0m00:42:05.155655 [debug] [MainThread]: Flushing usage events
